build/app/outputs/mapping/release/seeds.txt
com.dexterous.flutterlocalnotifications.FlutterLocalNotificationsPlugin: void setBigTextStyle(com.dexterous.flutterlocalnotifications.models.NotificationDetails,androidx.core.app.NotificationCompat$Builder)
androidx.media.AudioAttributesCompat
androidx.core.graphics.drawable.IconCompatParcelizer: void write(androidx.core.graphics.drawable.IconCompat,androidx.versionedparcelable.VersionedParcel)
android.support.v4.media.session.PlaybackStateCompat$CustomAction
com.dexterous.flutterlocalnotifications.models.NotificationDetails: java.lang.String ADDITIONAL_FLAGS
org.threeten.bp.LocalDate
io.flutter.view.AccessibilityBridge$Flag: io.flutter.view.AccessibilityBridge$Flag valueOf(java.lang.String)
com.dexterous.flutterlocalnotifications.models.NotificationDetails: java.lang.String HTML_FORMAT_TITLE
com.dexterous.flutterlocalnotifications.models.IconSource: com.dexterous.flutterlocalnotifications.models.IconSource ContentUri
com.dexterous.flutterlocalnotifications.FlutterLocalNotificationsPlugin: byte[] castObjectToByteArray(java.lang.Object)
android.support.v4.media.session.PlaybackStateCompat
androidx.media.AudioAttributesImplBaseParcelizer: void write(androidx.media.AudioAttributesImplBase,androidx.versionedparcelable.VersionedParcel)
com.dexterous.flutterlocalnotifications.models.NotificationChannelDetails: java.lang.String VIBRATION_PATTERN
com.dexterous.flutterlocalnotifications.RuntimeTypeAdapterFactory: com.dexterous.flutterlocalnotifications.RuntimeTypeAdapterFactory of(java.lang.Class,java.lang.String)
com.dexterous.flutterlocalnotifications.models.NotificationDetails: java.lang.String STYLE
com.dexterous.flutterlocalnotifications.models.NotificationChannelDetails: java.lang.Integer importance
com.dexterous.flutterlocalnotifications.models.NotificationDetails: java.lang.String REPEAT_TIME
io.flutter.embedding.android.FlutterView: io.flutter.embedding.engine.FlutterEngine getAttachedFlutterEngine()
com.dexterous.flutterlocalnotifications.models.NotificationDetails: void readBigTextStyleInformation(com.dexterous.flutterlocalnotifications.models.NotificationDetails,java.util.Map,com.dexterous.flutterlocalnotifications.models.styles.DefaultStyleInformation)
io.flutter.embedding.android.FlutterImageView$SurfaceKind: io.flutter.embedding.android.FlutterImageView$SurfaceKind valueOf(java.lang.String)
io.flutter.embedding.engine.FlutterJNI: boolean setRefreshRateFPSCalled
org.threeten.bp.OffsetDateTime: java.lang.Object writeReplace()
androidx.activity.ComponentActivity$3
androidx.media.AudioAttributesImplApi21Parcelizer: androidx.media.AudioAttributesImplApi21 read(androidx.versionedparcelable.VersionedParcel)
io.flutter.embedding.engine.FlutterJNI: io.flutter.plugin.platform.PlatformViewsController platformViewsController
com.dexterous.flutterlocalnotifications.models.NotificationDetails: com.dexterous.flutterlocalnotifications.models.PersonDetails readPersonDetails(java.util.Map)
com.dexterous.flutterlocalnotifications.models.NotificationDetails: java.lang.String MILLISECONDS_SINCE_EPOCH
com.dexterous.flutterlocalnotifications.models.Time: java.lang.Integer hour
io.flutter.view.AccessibilityBridge$TextDirection: io.flutter.view.AccessibilityBridge$TextDirection valueOf(java.lang.String)
io.flutter.embedding.engine.FlutterJNI: void onEndFrame()
io.flutter.plugin.editing.ImeSyncDeferringInsetsCallback: boolean access$200(io.flutter.plugin.editing.ImeSyncDeferringInsetsCallback)
io.flutter.plugin.editing.TextInputPlugin$InputTarget$Type: io.flutter.plugin.editing.TextInputPlugin$InputTarget$Type[] values()
com.dexterous.flutterlocalnotifications.models.NotificationDetails: java.lang.String CONVERSATION_TITLE
io.flutter.view.AccessibilityViewEmbedder: boolean performAction(int,int,android.os.Bundle)
io.flutter.embedding.engine.FlutterJNI: void onSurfaceCreated(android.view.Surface)
com.dexterous.flutterlocalnotifications.models.NotificationDetails: java.lang.String ICON_SOURCE