build/app/outputs/mapping/release/mapping.txt
# compiler: R8
# compiler_version: 2.1.62
# min_api: 16
# pg_map_id: 7f127ad
# common_typos_disable
...
io.flutter.embedding.engine.systemchannels.TextInputChannel -> io.flutter.embedding.engine.j.n:
    io.flutter.plugin.common.MethodChannel$MethodCallHandler parsingMethodHandler -> c
    io.flutter.embedding.engine.systemchannels.TextInputChannel$TextInputMethodHandler textInputMethodHandler -> b
    io.flutter.plugin.common.MethodChannel channel -> a
    io.flutter.embedding.engine.systemchannels.TextInputChannel$TextInputMethodHandler access$000(io.flutter.embedding.engine.systemchannels.TextInputChannel) -> a
    java.util.HashMap createEditingStateJSON(java.lang.String,int,int,int,int) -> b
    void done(int) -> c
    void go(int) -> d
    void newline(int) -> e
    void next(int) -> f
    void performPrivateCommand(int,java.lang.String,android.os.Bundle) -> g
    void previous(int) -> h
    void requestExistingInputState() -> i
    void search(int) -> j
    void send(int) -> k
    void setTextInputMethodHandler(io.flutter.embedding.engine.systemchannels.TextInputChannel$TextInputMethodHandler) -> l
    void unspecifiedAction(int) -> m
    void updateEditingState(int,java.lang.String,int,int,int,int) -> n
    void updateEditingStateWithTag(int,java.util.HashMap) -> o
io.flutter.embedding.engine.systemchannels.TextInputChannel$1 -> io.flutter.embedding.engine.j.n$a:
    io.flutter.embedding.engine.systemchannels.TextInputChannel this$0 -> a
io.flutter.embedding.engine.systemchannels.TextInputChannel$Configuration -> io.flutter.embedding.engine.j.n$b:
    io.flutter.embedding.engine.systemchannels.TextInputChannel$Configuration[] fields -> j
    java.lang.String actionLabel -> h
    java.lang.Integer inputAction -> g
    io.flutter.embedding.engine.systemchannels.TextInputChannel$Configuration$Autofill autofill -> i
    io.flutter.embedding.engine.systemchannels.TextInputChannel$InputType inputType -> f
    boolean obscureText -> a
    boolean autocorrect -> b
    boolean enableSuggestions -> c
    boolean enableIMEPersonalizedLearning -> d
    io.flutter.embedding.engine.systemchannels.TextInputChannel$TextCapitalization textCapitalization -> e
    io.flutter.embedding.engine.systemchannels.TextInputChannel$Configuration fromJson(org.json.JSONObject) -> a
    java.lang.Integer inputActionFromTextInputAction(java.lang.String) -> b
io.flutter.embedding.engine.systemchannels.TextInputChannel$Configuration$Autofill -> io.flutter.embedding.engine.j.n$b$a:
    io.flutter.embedding.engine.systemchannels.TextInputChannel$TextEditState editState -> c
    java.lang.String uniqueIdentifier -> a
    java.lang.String[] hints -> b
    io.flutter.embedding.engine.systemchannels.TextInputChannel$Configuration$Autofill fromJson(org.json.JSONObject) -> a
    java.lang.String translateAutofillHint(java.lang.String) -> b
io.flutter.embedding.engine.systemchannels.TextInputChannel$InputType -> io.flutter.embedding.engine.j.n$c:
    io.flutter.embedding.engine.systemchannels.TextInputChannel$TextInputType type -> a
    boolean isSigned -> b
    boolean isDecimal -> c
    io.flutter.embedding.engine.systemchannels.TextInputChannel$InputType fromJson(org.json.JSONObject) -> a
io.flutter.embedding.engine.systemchannels.TextInputChannel$TextCapitalization -> io.flutter.embedding.engine.j.n$d:
    io.flutter.embedding.engine.systemchannels.TextInputChannel$TextCapitalization CHARACTERS -> b
    io.flutter.embedding.engine.systemchannels.TextInputChannel$TextCapitalization WORDS -> c
    io.flutter.embedding.engine.systemchannels.TextInputChannel$TextCapitalization[] $VALUES -> f
    java.lang.String encodedName -> a
    io.flutter.embedding.engine.systemchannels.TextInputChannel$TextCapitalization SENTENCES -> d
    io.flutter.embedding.engine.systemchannels.TextInputChannel$TextCapitalization NONE -> e
    io.flutter.embedding.engine.systemchannels.TextInputChannel$TextCapitalization fromValue(java.lang.String) -> a