build/app/outputs/mapping/release/usage.txt
androidx.core.view.DisplayCutoutCompat
android.support.v4.media.MediaBrowserCompat$SearchCallback:
    public void <init>()
kotlin.collections.CollectionsKt___CollectionsKt:
    private static final java.lang.Object component1(java.util.List)
    private static final java.lang.Object component2(java.util.List)
    private static final java.lang.Object component3(java.util.List)
    private static final java.lang.Object component4(java.util.List)
    private static final java.lang.Object component5(java.util.List)
    public static final boolean contains(java.lang.Iterable,java.lang.Object)
    public static final java.lang.Object elementAt(java.lang.Iterable,int)
    private static final java.lang.Object elementAt(java.util.List,int)
    public static final java.lang.Object elementAtOrElse(java.lang.Iterable,int,kotlin.jvm.functions.Function1)
    private static final java.lang.Object elementAtOrElse(java.util.List,int,kotlin.jvm.functions.Function1)
    public static final java.lang.Object elementAtOrNull(java.lang.Iterable,int)
    private static final java.lang.Object elementAtOrNull(java.util.List,int)
    private static final java.lang.Object find(java.lang.Iterable,kotlin.jvm.functions.Function1)
    private static final java.lang.Object findLast(java.lang.Iterable,kotlin.jvm.functions.Function1)
    private static final java.lang.Object findLast(java.util.List,kotlin.jvm.functions.Function1)
    public static final java.lang.Object first(java.lang.Iterable)
    public static final java.lang.Object first(java.util.List)
com.google.common.cache.LocalCache$StrongAccessEntry
com.google.common.io.ByteStreams$1
com.google.common.collect.CompactHashSet
com.google.common.base.Optional$1
com.google.common.collect.Ordering$IncomparableValueException
kotlin.jvm.internal.MutablePropertyReference0Impl
com.google.common.collect.StandardTable$CellIterator
kotlin.collections.EmptyList
kotlin.random.PlatformRandom
com.google.common.hash.MessageDigestHashFunction$SerializedForm
org.intellij.lang.annotations.Subst
kotlin.text.Regex$Companion
com.google.common.collect.Synchronized$SynchronizedNavigableSet
com.google.common.io.ByteSource$EmptyByteSource
com.google.common.reflect.TypeResolver$WildcardCapturer$1
androidx.core.widget.TintableCompoundButton
kotlin.jvm.internal.PropertyReference0
io.flutter.util.Preconditions:
    private void <init>()
    public static java.lang.Object checkNotNull(java.lang.Object)
    public static void checkState(boolean)
com.google.common.graph.EndpointPairIterator
kotlin.collections.ReversedListReadOnly
com.google.common.graph.UndirectedMultiNetworkConnections$1
com.google.common.hash.Hashing$1
kotlin.collections.CollectionsKt__MutableCollectionsJVMKt:
    private static final void sort(java.util.List,java.util.Comparator)
    private static final void sort(java.util.List,kotlin.jvm.functions.Function2)
    public static final void sort(java.util.List)
    public static final void sortWith(java.util.List,java.util.Comparator)
    private static final void fill(java.util.List,java.lang.Object)
    private static final void shuffle(java.util.List)
    private static final void shuffle(java.util.List,java.util.Random)
    public static final java.util.List shuffled(java.lang.Iterable)
    public static final java.util.List shuffled(java.lang.Iterable,java.util.Random)
    public void <init>()
com.google.common.reflect.TypeParameter
com.google.common.base.CharMatcher$RangesMatcher
com.google.j2objc.annotations.AutoreleasePool
com.google.common.primitives.Booleans$LexicographicalComparator
com.google.common.io.CharSource$AsByteSource
kotlin.text.MatcherMatchResult$groups$1
io.flutter.plugin.mouse.MouseCursorPlugin$2:
    private static final long serialVersionUID
com.google.common.collect.AbstractMapBasedMultimap$KeySet$1